<?xml version="1.0" encoding="UTF-8"?>
<!-- Generated by org.testng.reporters.JUnitReportReporter -->
<testsuite hostname="DESKTOP-TTLEV0E" failures="0" tests="1" name="BaseClass" time="4.861" errors="0" timestamp="29 Dec 2018 16:55:47 GMT" skipped="0">
  <testcase classname="BaseClass" name="Jorge" time="4.861"/>
</testsuite> <!-- BaseClass -->
